[debug] [2021-12-18T14:25:43.614Z] ----------------------------------------------------------------------
[debug] [2021-12-18T14:25:43.617Z] Command:       C:\Program Files\nodejs\node.exe C:\Users\hafiz ali hammad\AppData\Roaming\npm\node_modules\firebase-tools\lib\bin\firebase.js init
[debug] [2021-12-18T14:25:43.618Z] CLI Version:   9.23.3
[debug] [2021-12-18T14:25:43.618Z] Platform:      win32
[debug] [2021-12-18T14:25:43.618Z] Node Version:  v16.13.0
[debug] [2021-12-18T14:25:43.620Z] Time:          Sat Dec 18 2021 19:25:43 GMT+0500 (Pakistan Standard Time)
[debug] [2021-12-18T14:25:43.620Z] ----------------------------------------------------------------------
[debug] 
[debug] [2021-12-18T14:25:43.630Z] > command requires scopes: ["email","openid","https://www.googleapis.com/auth/cloudplatformprojects.readonly","https://www.googleapis.com/auth/firebase","https://www.googleapis.com/auth/cloud-platform"]
[debug] [2021-12-18T14:25:43.631Z] > authorizing via signed-in user (hafizalihummad@gmail.com)
[info] 
     ######## #### ########  ######## ########     ###     ######  ########
     ##        ##  ##     ## ##       ##     ##  ##   ##  ##       ##
     ######    ##  ########  ######   ########  #########  ######  ######
     ##        ##  ##    ##  ##       ##     ## ##     ##       ## ##
     ##       #### ##     ## ######## ########  ##     ##  ######  ########

You're about to initialize a Firebase project in this directory:

  F:\FYP\Jobya_v1.1.0\jobintel-FYP

[info] 
=== Project Setup
[info] 
[info] First, let's associate this project directory with a Firebase project.
[info] You can create multiple project aliases by running firebase use --add, 
[info] but for now we'll just set up a default project.
[info] 
[debug] [2021-12-18T14:26:50.947Z] >>> [apiv2][query] GET https://firebase.googleapis.com/v1beta1/projects pageSize=100
[debug] [2021-12-18T14:26:52.042Z] <<< [apiv2][status] GET https://firebase.googleapis.com/v1beta1/projects 200
[debug] [2021-12-18T14:26:52.043Z] <<< [apiv2][body] GET https://firebase.googleapis.com/v1beta1/projects [omitted]
[info] i  Using project job-intel-fa960 (Job Intel) 
[info] 
=== Hosting Setup
[info] 
[info] Your public directory is the folder (relative to your project directory) that
[info] will contain Hosting assets to be uploaded with firebase deploy. If you
[info] have a build process for your assets, use your build's output directory.
[info] 
